2021-06-29 11:07:43 - PHP Unknown:  The Twig_Autoloader class is deprecated since version 1.21 and will be removed in 2.0. Use Composer instead. in C:\xampp\htdocs\opencartsite\system\library\template\Twig\Autoloader.php on line 12
2021-06-29 11:07:43 - PHP Unknown:  Using Twig_Autoloader is deprecated since version 1.21. Use Composer instead. in C:\xampp\htdocs\opencartsite\system\library\template\Twig\Autoloader.php on line 30
2021-06-29 11:07:43 - PHP Unknown:  Using Twig_Autoloader is deprecated since version 1.21. Use Composer instead. in C:\xampp\htdocs\opencartsite\system\library\template\Twig\Autoloader.php on line 30
2021-06-29 11:07:43 - PHP Unknown:  Using Twig_Autoloader is deprecated since version 1.21. Use Composer instead. in C:\xampp\htdocs\opencartsite\system\library\template\Twig\Autoloader.php on line 30
2021-06-29 11:07:43 - PHP Unknown:  Using Twig_Autoloader is deprecated since version 1.21. Use Composer instead. in C:\xampp\htdocs\opencartsite\system\library\template\Twig\Autoloader.php on line 30
2021-06-29 11:08:50 - PHP Unknown:  The Twig_Autoloader class is deprecated since version 1.21 and will be removed in 2.0. Use Composer instead. in C:\xampp\htdocs\opencartsite\system\library\template\Twig\Autoloader.php on line 12
2021-06-29 11:08:50 - PHP Unknown:  Using Twig_Autoloader is deprecated since version 1.21. Use Composer instead. in C:\xampp\htdocs\opencartsite\system\library\template\Twig\Autoloader.php on line 30
2021-06-29 11:08:50 - PHP Unknown:  Using Twig_Autoloader is deprecated since version 1.21. Use Composer instead. in C:\xampp\htdocs\opencartsite\system\library\template\Twig\Autoloader.php on line 30
2021-06-29 11:08:50 - PHP Unknown:  Using Twig_Autoloader is deprecated since version 1.21. Use Composer instead. in C:\xampp\htdocs\opencartsite\system\library\template\Twig\Autoloader.php on line 30
2021-06-29 11:08:50 - PHP Unknown:  Using Twig_Autoloader is deprecated since version 1.21. Use Composer instead. in C:\xampp\htdocs\opencartsite\system\library\template\Twig\Autoloader.php on line 30
2021-06-29 11:19:38 - PHP Unknown:  The Twig_Autoloader class is deprecated since version 1.21 and will be removed in 2.0. Use Composer instead. in C:\xampp\htdocs\opencartsite\system\library\template\Twig\Autoloader.php on line 12
2021-06-29 11:19:38 - PHP Unknown:  Using Twig_Autoloader is deprecated since version 1.21. Use Composer instead. in C:\xampp\htdocs\opencartsite\system\library\template\Twig\Autoloader.php on line 30
2021-06-29 11:19:38 - PHP Unknown:  Using Twig_Autoloader is deprecated since version 1.21. Use Composer instead. in C:\xampp\htdocs\opencartsite\system\library\template\Twig\Autoloader.php on line 30
2021-06-29 11:19:38 - PHP Unknown:  Using Twig_Autoloader is deprecated since version 1.21. Use Composer instead. in C:\xampp\htdocs\opencartsite\system\library\template\Twig\Autoloader.php on line 30
2021-06-29 11:19:38 - PHP Unknown:  Using Twig_Autoloader is deprecated since version 1.21. Use Composer instead. in C:\xampp\htdocs\opencartsite\system\library\template\Twig\Autoloader.php on line 30
2021-07-15 20:49:38 - PHP Notice:  Undefined index: custom_code_js in C:\wamp64\www\opencart\admin\controller\extension\module\crocus.php on line 2231
2021-07-15 20:49:38 - PHP Notice:  Undefined index: custom_code_css in C:\wamp64\www\opencart\admin\controller\extension\module\crocus.php on line 2234
2021-07-22 0:27:05 - PHP Warning:  mail(): Failed to connect to mailserver at &quot;localhost&quot; port 25, verify your &quot;SMTP&quot; and &quot;smtp_port&quot; setting in php.ini or use ini_set() in C:\wamp64\www\opencart\system\library\mail\mail.php on line 77
2021-07-22 0:27:07 - PHP Warning:  mail(): Failed to connect to mailserver at &quot;localhost&quot; port 25, verify your &quot;SMTP&quot; and &quot;smtp_port&quot; setting in php.ini or use ini_set() in C:\wamp64\www\opencart\system\library\mail\mail.php on line 77
2021-07-22 0:27:57 - PHP Warning:  mail(): Failed to connect to mailserver at &quot;localhost&quot; port 25, verify your &quot;SMTP&quot; and &quot;smtp_port&quot; setting in php.ini or use ini_set() in C:\wamp64\www\opencart\system\library\mail\mail.php on line 77
2021-07-23 19:38:29 - PHP Warning:  mail(): Failed to connect to mailserver at &quot;localhost&quot; port 25, verify your &quot;SMTP&quot; and &quot;smtp_port&quot; setting in php.ini or use ini_set() in C:\wamp64\www\opencart\system\library\mail\mail.php on line 77
2021-07-23 19:48:32 - PHP Warning:  mail(): Failed to connect to mailserver at &quot;localhost&quot; port 25, verify your &quot;SMTP&quot; and &quot;smtp_port&quot; setting in php.ini or use ini_set() in C:\wamp64\www\opencart\system\library\mail\mail.php on line 77
2021-07-23 19:48:34 - PHP Warning:  mail(): Failed to connect to mailserver at &quot;localhost&quot; port 25, verify your &quot;SMTP&quot; and &quot;smtp_port&quot; setting in php.ini or use ini_set() in C:\wamp64\www\opencart\system\library\mail\mail.php on line 77
2021-07-23 20:14:53 - PHP Warning:  mail(): Failed to connect to mailserver at &quot;localhost&quot; port 25, verify your &quot;SMTP&quot; and &quot;smtp_port&quot; setting in php.ini or use ini_set() in C:\wamp64\www\opencart\system\library\mail\mail.php on line 75
2021-07-23 20:15:08 - PHP Warning:  mail(): Failed to connect to mailserver at &quot;localhost&quot; port 25, verify your &quot;SMTP&quot; and &quot;smtp_port&quot; setting in php.ini or use ini_set() in C:\wamp64\www\opencart\system\library\mail\mail.php on line 75
2021-07-23 20:15:10 - PHP Warning:  mail(): Failed to connect to mailserver at &quot;localhost&quot; port 25, verify your &quot;SMTP&quot; and &quot;smtp_port&quot; setting in php.ini or use ini_set() in C:\wamp64\www\opencart\system\library\mail\mail.php on line 75
2021-07-23 20:16:51 - PHP Warning:  mail(): Failed to connect to mailserver at &quot;localhost&quot; port 25, verify your &quot;SMTP&quot; and &quot;smtp_port&quot; setting in php.ini or use ini_set() in C:\wamp64\www\opencart\system\library\mail\mail.php on line 75
2021-07-23 20:16:53 - PHP Warning:  mail(): Failed to connect to mailserver at &quot;localhost&quot; port 25, verify your &quot;SMTP&quot; and &quot;smtp_port&quot; setting in php.ini or use ini_set() in C:\wamp64\www\opencart\system\library\mail\mail.php on line 75
2021-07-23 21:36:56 - PHP Warning:  mail(): Failed to connect to mailserver at &quot;localhost&quot; port 25, verify your &quot;SMTP&quot; and &quot;smtp_port&quot; setting in php.ini or use ini_set() in C:\wamp64\www\opencart\system\library\mail\mail.php on line 75
2021-07-23 21:38:34 - PHP Warning:  mail(): Failed to connect to mailserver at &quot;localhost&quot; port 25, verify your &quot;SMTP&quot; and &quot;smtp_port&quot; setting in php.ini or use ini_set() in C:\wamp64\www\opencart\system\library\mail\mail.php on line 75
2021-07-24 16:15:57 - PHP Warning:  mail(): Failed to connect to mailserver at &quot;localhost&quot; port 25, verify your &quot;SMTP&quot; and &quot;smtp_port&quot; setting in php.ini or use ini_set() in C:\wamp64\www\opencart\system\library\mail\mail.php on line 75
2021-07-24 16:15:59 - PHP Warning:  mail(): Failed to connect to mailserver at &quot;localhost&quot; port 25, verify your &quot;SMTP&quot; and &quot;smtp_port&quot; setting in php.ini or use ini_set() in C:\wamp64\www\opencart\system\library\mail\mail.php on line 75
2021-07-24 16:17:40 - PHP Warning:  mail(): Failed to connect to mailserver at &quot;localhost&quot; port 25, verify your &quot;SMTP&quot; and &quot;smtp_port&quot; setting in php.ini or use ini_set() in C:\wamp64\www\opencart\system\library\mail\mail.php on line 75
2021-07-24 16:17:42 - PHP Warning:  mail(): Failed to connect to mailserver at &quot;localhost&quot; port 25, verify your &quot;SMTP&quot; and &quot;smtp_port&quot; setting in php.ini or use ini_set() in C:\wamp64\www\opencart\system\library\mail\mail.php on line 75
2021-07-24 16:19:36 - PHP Warning:  fsockopen(): unable to connect to :25 (No connection could be made because the target machine actively refused it.
) in C:\wamp64\www\opencart\system\library\mail\smtp.php on line 87
2021-07-24 16:19:56 - PHP Warning:  fsockopen(): unable to connect to :25 (No connection could be made because the target machine actively refused it.
) in C:\wamp64\www\opencart\system\library\mail\smtp.php on line 87
2021-07-24 16:28:19 - PHP Warning:  mail(): Failed to connect to mailserver at &quot;localhost&quot; port 25, verify your &quot;SMTP&quot; and &quot;smtp_port&quot; setting in php.ini or use ini_set() in C:\wamp64\www\opencart\system\library\mail\mail.php on line 75
2021-07-24 16:28:21 - PHP Warning:  mail(): Failed to connect to mailserver at &quot;localhost&quot; port 25, verify your &quot;SMTP&quot; and &quot;smtp_port&quot; setting in php.ini or use ini_set() in C:\wamp64\www\opencart\system\library\mail\mail.php on line 75
2021-07-24 16:30:37 - PHP Warning:  mail(): Failed to connect to mailserver at &quot;localhost&quot; port 25, verify your &quot;SMTP&quot; and &quot;smtp_port&quot; setting in php.ini or use ini_set() in C:\wamp64\www\opencart\system\library\mail\mail.php on line 75
2021-07-24 16:30:39 - PHP Warning:  mail(): Failed to connect to mailserver at &quot;localhost&quot; port 25, verify your &quot;SMTP&quot; and &quot;smtp_port&quot; setting in php.ini or use ini_set() in C:\wamp64\www\opencart\system\library\mail\mail.php on line 75
2021-07-28 23:38:13 - PHP Warning:  mail(): Failed to connect to mailserver at &quot;localhost&quot; port 25, verify your &quot;SMTP&quot; and &quot;smtp_port&quot; setting in php.ini or use ini_set() in C:\wamp64\www\opencart\system\library\mail\mail.php on line 75
2021-07-28 23:38:15 - PHP Warning:  mail(): Failed to connect to mailserver at &quot;localhost&quot; port 25, verify your &quot;SMTP&quot; and &quot;smtp_port&quot; setting in php.ini or use ini_set() in C:\wamp64\www\opencart\system\library\mail\mail.php on line 75
2021-07-28 23:42:23 - PHP Warning:  mail(): Failed to connect to mailserver at &quot;localhost&quot; port 25, verify your &quot;SMTP&quot; and &quot;smtp_port&quot; setting in php.ini or use ini_set() in C:\wamp64\www\opencart\system\library\mail\mail.php on line 75
2021-07-28 23:42:25 - PHP Warning:  mail(): Failed to connect to mailserver at &quot;localhost&quot; port 25, verify your &quot;SMTP&quot; and &quot;smtp_port&quot; setting in php.ini or use ini_set() in C:\wamp64\www\opencart\system\library\mail\mail.php on line 75
2021-07-28 23:42:57 - PHP Warning:  mail(): Failed to connect to mailserver at &quot;localhost&quot; port 25, verify your &quot;SMTP&quot; and &quot;smtp_port&quot; setting in php.ini or use ini_set() in C:\wamp64\www\opencart\system\library\mail\mail.php on line 75
2021-07-28 23:46:40 - PHP Warning:  mail(): Failed to connect to mailserver at &quot;localhost&quot; port 25, verify your &quot;SMTP&quot; and &quot;smtp_port&quot; setting in php.ini or use ini_set() in C:\wamp64\www\opencart\system\library\mail\mail.php on line 75
2021-07-28 23:51:26 - PHP Warning:  mail(): Failed to connect to mailserver at &quot;localhost&quot; port 25, verify your &quot;SMTP&quot; and &quot;smtp_port&quot; setting in php.ini or use ini_set() in C:\wamp64\www\opencart\system\library\mail\mail.php on line 75
2021-07-28 23:51:28 - PHP Warning:  mail(): Failed to connect to mailserver at &quot;localhost&quot; port 25, verify your &quot;SMTP&quot; and &quot;smtp_port&quot; setting in php.ini or use ini_set() in C:\wamp64\www\opencart\system\library\mail\mail.php on line 75
2021-07-29 0:30:15 - PHP Warning:  fsockopen(): unable to connect to :25 (No connection could be made because the target machine actively refused it.
) in C:\wamp64\www\opencart\system\library\mail\smtp.php on line 87
2021-07-29 0:32:37 - PHP Warning:  mail(): Failed to connect to mailserver at &quot;localhost&quot; port 25, verify your &quot;SMTP&quot; and &quot;smtp_port&quot; setting in php.ini or use ini_set() in C:\wamp64\www\opencart\system\library\mail\mail.php on line 75
2021-07-29 0:32:39 - PHP Warning:  mail(): Failed to connect to mailserver at &quot;localhost&quot; port 25, verify your &quot;SMTP&quot; and &quot;smtp_port&quot; setting in php.ini or use ini_set() in C:\wamp64\www\opencart\system\library\mail\mail.php on line 75
2021-07-29 0:33:35 - PHP Warning:  mail(): Failed to connect to mailserver at &quot;localhost&quot; port 25, verify your &quot;SMTP&quot; and &quot;smtp_port&quot; setting in php.ini or use ini_set() in C:\wamp64\www\opencart\system\library\mail\mail.php on line 75
2021-07-29 0:33:37 - PHP Warning:  mail(): Failed to connect to mailserver at &quot;localhost&quot; port 25, verify your &quot;SMTP&quot; and &quot;smtp_port&quot; setting in php.ini or use ini_set() in C:\wamp64\www\opencart\system\library\mail\mail.php on line 75
2021-07-29 0:34:31 - PHP Warning:  mail(): Failed to connect to mailserver at &quot;localhost&quot; port 25, verify your &quot;SMTP&quot; and &quot;smtp_port&quot; setting in php.ini or use ini_set() in C:\wamp64\www\opencart\system\library\mail\mail.php on line 75
2021-07-29 0:34:33 - PHP Warning:  mail(): Failed to connect to mailserver at &quot;localhost&quot; port 25, verify your &quot;SMTP&quot; and &quot;smtp_port&quot; setting in php.ini or use ini_set() in C:\wamp64\www\opencart\system\library\mail\mail.php on line 75
2021-07-30 14:45:05 - PHP Warning:  Use of undefined constant OPENCART_SERVER - assumed 'OPENCART_SERVER' (this will throw an Error in a future version of PHP) in C:\wamp64\www\new_opencart\admin\controller\marketplace\marketplace.php on line 151
2021-07-30 14:48:25 - PHP Warning:  Use of undefined constant OPENCART_SERVER - assumed 'OPENCART_SERVER' (this will throw an Error in a future version of PHP) in C:\wamp64\www\new_opencart\admin\controller\marketplace\marketplace.php on line 151
2021-07-30 14:48:34 - PHP Warning:  Use of undefined constant OPENCART_SERVER - assumed 'OPENCART_SERVER' (this will throw an Error in a future version of PHP) in C:\wamp64\www\new_opencart\admin\controller\marketplace\marketplace.php on line 151
